<?xml version="1.0" encoding="UTF-8"?>
<testsuite name="com.test.UnitTest" tests="2" skipped="0" failures="0" errors="0" timestamp="2020-10-18T11:51:35" hostname="afanasenko" time="0.01">
  <properties/>
  <testcase name="test" classname="com.test.UnitTest" time="0.01"/>
  <testcase name="testAppHasAGreeting" classname="com.test.UnitTest" time="0.0"/>
  <system-out><![CDATA[test
]]></system-out>
  <system-err><![CDATA[]]></system-err>
</testsuite>
